0 silly argv {
0 silly argv   _: [ 'version' ],
0 silly argv   'conventional-commits': true,
0 silly argv   conventionalCommits: true,
0 silly argv   'conventional-graduate': true,
0 silly argv   conventionalGraduate: true,
0 silly argv   lernaVersion: '4.0.0',
0 silly argv   '$0': '/Users/aashwathanarayanan/Desktop/learning/cr-test/node_modules/.bin/lerna'
0 silly argv }
1 notice cli v4.0.0
2 verbose rootPath /Users/aashwathanarayanan/Desktop/learning/cr-test
3 info versioning independent
4 silly isAnythingCommitted
5 verbose isAnythingCommitted 1
6 silly getCurrentBranch
7 verbose currentBranch main
8 silly remoteBranchExists
9 silly isBehindUpstream
10 silly isBehindUpstream main is behind origin/main by 0 commit(s) and ahead by 0
11 silly hasTags
12 verbose hasTags true
13 silly git-describe.sync "cr-core@3.3.0-2-g0a60db0" => {"lastTagName":"cr-core@3.3.0","lastVersion":"3.3.0","refCount":"2","sha":"0a60db0","isDirty":false}
14 warn conventional-graduate all packages
15 info Graduating all prereleased packages
16 info Looking for changed packages since cr-core@3.3.0
17 info ignoring diff in paths matching [ '**/*.md', '**/*.mdx' ]
18 silly checking diff packages/crayons-i18n
19 silly no diff found in cr-i18n
20 silly checking diff packages/crayons-icon
21 silly no diff found in cr-icon
22 verbose updated cr-core
23 silly independent for cr-core at /Users/aashwathanarayanan/Desktop/learning/cr-test/packages/crayons-core
24 verbose getChangelogConfig using preset "conventional-changelog-angular"
25 silly npa Result {
25 silly npa   type: 'tag',
25 silly npa   registry: true,
25 silly npa   where: undefined,
25 silly npa   raw: 'conventional-changelog-angular',
25 silly npa   name: 'conventional-changelog-angular',
25 silly npa   escapedName: 'conventional-changelog-angular',
25 silly npa   scope: undefined,
25 silly npa   rawSpec: '',
25 silly npa   saveSpec: null,
25 silly npa   fetchSpec: 'latest',
25 silly npa   gitRange: undefined,
25 silly npa   gitCommittish: undefined,
25 silly npa   hosted: undefined
25 silly npa }
26 verbose getChangelogConfig Attempting to resolve preset "conventional-changelog-angular"
27 info getChangelogConfig Successfully resolved preset "conventional-changelog-angular"
28 verbose independent increment 3.3.0-beta.1 by patch
29 info execute Skipping releases
30 silly lifecycle No script for "preversion" in "cr", continuing
31 silly lifecycle No script for "preversion" in "cr-core", continuing
32 silly lifecycle No script for "version" in "cr-core", continuing
33 silly independent for cr-core at /Users/aashwathanarayanan/Desktop/learning/cr-test/packages/crayons-core
34 silly independent writing new entry: "# [3.3.0](https://github.com/arvindanta/cr-test/compare/cr-core@3.3.0-beta.1...cr-core@3.3.0) (2022-03-23)\n\n**Note:** Version bump only for package cr-core\n\n\n\n"
35 verbose independent wrote /Users/aashwathanarayanan/Desktop/learning/cr-test/packages/crayons-core/CHANGELOG.md
36 silly lifecycle No script for "version" in "cr", continuing
37 silly gitAdd [
37 silly gitAdd   'packages/crayons-core/package.json',
37 silly gitAdd   'packages/crayons-core/CHANGELOG.md'
37 silly gitAdd ]
38 silly gitCommit chore(release): publish
38 silly gitCommit
38 silly gitCommit  - cr-core@3.3.0
39 verbose git [
39 verbose git   'commit',
39 verbose git   '-F',
39 verbose git   '/private/var/folders/p7/cpf051gj429bl13rn9hsttjr0000gq/T/ed85f52a-67f7-4ec7-80e1-7b471c00b8cc/lerna-commit.txt'
39 verbose git ]
40 silly gitTag cr-core@3.3.0
41 verbose git [ 'tag', 'cr-core@3.3.0', '-m', 'cr-core@3.3.0' ]
42 error Error: Command failed with exit code 128: git tag cr-core@3.3.0 -m cr-core@3.3.0
42 error fatal: tag 'cr-core@3.3.0' already exists
42 error     at makeError (/Users/aashwathanarayanan/Desktop/learning/cr-test/node_modules/execa/lib/error.js:60:11)
42 error     at handlePromise (/Users/aashwathanarayanan/Desktop/learning/cr-test/node_modules/execa/index.js:118:26)
42 error     at runMicrotasks (<anonymous>)
42 error     at processTicksAndRejections (internal/process/task_queues.js:95:5)
42 error     at async Promise.all (index 0)
42 error     at async Promise.all (index 0)
